2020-07-03 09:50:50: Connection {
2020-07-03 09:50:50:   server: Server {
2020-07-03 09:50:50:     socket: Server {
2020-07-03 09:50:50:       _events: [Object: null prototype],
2020-07-03 09:50:50:       _eventsCount: 3,
2020-07-03 09:50:50:       _maxListeners: undefined,
2020-07-03 09:50:50:       _connections: 1,
2020-07-03 09:50:50:       _handle: [TCP],
2020-07-03 09:50:50:       _usingWorkers: false,
2020-07-03 09:50:50:       _workers: [],
2020-07-03 09:50:50:       _unref: false,
2020-07-03 09:50:50:       allowHalfOpen: false,
2020-07-03 09:50:50:       pauseOnConnect: false,
2020-07-03 09:50:50:       _connectionKey: '6::::3000',
2020-07-03 09:50:50:       [Symbol(asyncId)]: 23
2020-07-03 09:50:50:     },
2020-07-03 09:50:50:     connections: [ [Circular] ],
2020-07-03 09:50:50:     _events: [Object: null prototype] { connection: [Function] },
2020-07-03 09:50:50:     _eventsCount: 1,
2020-07-03 09:50:50:     _maxListeners: undefined,
2020-07-03 09:50:50:     _selectProtocol: null
2020-07-03 09:50:50:   },
2020-07-03 09:50:50:   path: '/',
2020-07-03 09:50:50:   host: null,
2020-07-03 09:50:50:   extraHeaders: null,
2020-07-03 09:50:50:   protocols: [],
2020-07-03 09:50:50:   protocol: undefined,
2020-07-03 09:50:50:   socket: Socket {
2020-07-03 09:50:50:     connecting: false,
2020-07-03 09:50:50:     _hadError: false,
2020-07-03 09:50:50:     _parent: null,
2020-07-03 09:50:50:     _host: null,
2020-07-03 09:50:50:     _readableState: ReadableState {
2020-07-03 09:50:50:       objectMode: false,
2020-07-03 09:50:50:       highWaterMark: 16384,
2020-07-03 09:50:50:       buffer: BufferList { head: null, tail: null, length: 0 },
2020-07-03 09:50:50:       length: 0,
2020-07-03 09:50:50:       pipes: null,
2020-07-03 09:50:50:       pipesCount: 0,
2020-07-03 09:50:50:       flowing: false,
2020-07-03 09:50:50:       ended: false,
2020-07-03 09:50:50:       endEmitted: false,
2020-07-03 09:50:50:       reading: true,
2020-07-03 09:50:50:       sync: false,
2020-07-03 09:50:50:       needReadable: true,
2020-07-03 09:50:50:       emittedReadable: false,
2020-07-03 09:50:50:       readableListening: true,
2020-07-03 09:50:50:       resumeScheduled: false,
2020-07-03 09:50:50:       paused: true,
2020-07-03 09:50:50:       emitClose: false,
2020-07-03 09:50:50:       autoDestroy: false,
2020-07-03 09:50:50:       destroyed: false,
2020-07-03 09:50:50:       defaultEncoding: 'utf8',
2020-07-03 09:50:50:       awaitDrain: 0,
2020-07-03 09:50:50:       readingMore: true,
2020-07-03 09:50:50:       decoder: null,
2020-07-03 09:50:50:       encoding: null
2020-07-03 09:50:50:     },
2020-07-03 09:50:50:     readable: true,
2020-07-03 09:50:50:     _events: [Object: null prototype] {
2020-07-03 09:50:50:       end: [Function: onReadableStreamEnd],
2020-07-03 09:50:50:       readable: [Function],
2020-07-03 09:50:50:       error: [Function],
2020-07-03 09:50:50:       close: [Function],
2020-07-03 09:50:50:       finish: [Function]
2020-07-03 09:50:50:     },
2020-07-03 09:50:50:     _eventsCount: 5,
2020-07-03 09:50:50:     _maxListeners: undefined,
2020-07-03 09:50:50:     _writableState: WritableState {
2020-07-03 09:50:50:       objectMode: false,
2020-07-03 09:50:50:       highWaterMark: 16384,
2020-07-03 09:50:50:       finalCalled: false,
2020-07-03 09:50:50:       needDrain: false,
2020-07-03 09:50:50:       ending: false,
2020-07-03 09:50:50:       ended: false,
2020-07-03 09:50:50:       finished: false,
2020-07-03 09:50:50:       destroyed: false,
2020-07-03 09:50:50:       decodeStrings: false,
2020-07-03 09:50:50:       defaultEncoding: 'utf8',
2020-07-03 09:50:50:       length: 0,
2020-07-03 09:50:50:       writing: false,
2020-07-03 09:50:50:       corked: 0,
2020-07-03 09:50:50:       sync: false,
2020-07-03 09:50:50:       bufferProcessing: false,
2020-07-03 09:50:50:       onwrite: [Function: bound onwrite],
2020-07-03 09:50:50:       writecb: null,
2020-07-03 09:50:50:       writelen: 0,
2020-07-03 09:50:50:       bufferedRequest: null,
2020-07-03 09:50:50:       lastBufferedRequest: null,
2020-07-03 09:50:50:       pendingcb: 0,
2020-07-03 09:50:50:       prefinished: false,
2020-07-03 09:50:50:       errorEmitted: false,
2020-07-03 09:50:50:       emitClose: false,
2020-07-03 09:50:50:       autoDestroy: false,
2020-07-03 09:50:50:       bufferedRequestCount: 0,
2020-07-03 09:50:50:       corkedRequestsFree: [Object]
2020-07-03 09:50:50:     },
2020-07-03 09:50:50:     writable: true,
2020-07-03 09:50:50:     allowHalfOpen: false,
2020-07-03 09:50:50:     _sockname: null,
2020-07-03 09:50:50:     _pendingData: null,
2020-07-03 09:50:50:     _pendingEncoding: '',
2020-07-03 09:50:50:     server: Server {
2020-07-03 09:50:50:       _events: [Object: null prototype],
2020-07-03 09:50:50:       _eventsCount: 3,
2020-07-03 09:50:50:       _maxListeners: undefined,
2020-07-03 09:50:50:       _connections: 1,
2020-07-03 09:50:50:       _handle: [TCP],
2020-07-03 09:50:50:       _usingWorkers: false,
2020-07-03 09:50:50:       _workers: [],
2020-07-03 09:50:50:       _unref: false,
2020-07-03 09:50:50:       allowHalfOpen: false,
2020-07-03 09:50:50:       pauseOnConnect: false,
2020-07-03 09:50:50:       _connectionKey: '6::::3000',
2020-07-03 09:50:50:       [Symbol(asyncId)]: 23
2020-07-03 09:50:50:     },
2020-07-03 09:50:50:     _server: Server {
2020-07-03 09:50:50:       _events: [Object: null prototype],
2020-07-03 09:50:50:       _eventsCount: 3,
2020-07-03 09:50:50:       _maxListeners: undefined,
2020-07-03 09:50:50:       _connections: 1,
2020-07-03 09:50:50:       _handle: [TCP],
2020-07-03 09:50:50:       _usingWorkers: false,
2020-07-03 09:50:50:       _workers: [],
2020-07-03 09:50:50:       _unref: false,
2020-07-03 09:50:50:       allowHalfOpen: false,
2020-07-03 09:50:50:       pauseOnConnect: false,
2020-07-03 09:50:50:       _connectionKey: '6::::3000',
2020-07-03 09:50:50:       [Symbol(asyncId)]: 23
2020-07-03 09:50:50:     },
2020-07-03 09:50:50:     [Symbol(asyncId)]: 685,
2020-07-03 09:50:50:     [Symbol(kHandle)]: TCP {
2020-07-03 09:50:50:       reading: true,
2020-07-03 09:50:50:       onconnection: null,
2020-07-03 09:50:50:       [Symbol(owner)]: [Circular]
2020-07-03 09:50:50:     },
2020-07-03 09:50:50:     [Symbol(lastWriteQueueSize)]: 0,
2020-07-03 09:50:50:     [Symbol(timeout)]: null,
2020-07-03 09:50:50:     [Symbol(kBuffer)]: null,
2020-07-03 09:50:50:     [Symbol(kBufferCb)]: null,
2020-07-03 09:50:50:     [Symbol(kBufferGen)]: null,
2020-07-03 09:50:50:     [Symbol(kBytesRead)]: 0,
2020-07-03 09:50:50:     [Symbol(kBytesWritten)]: 0
2020-07-03 09:50:50:   },
2020-07-03 09:50:50:   readyState: 1,
2020-07-03 09:50:50:   buffer: <Buffer >,
2020-07-03 09:50:50:   frameBuffer: '{"userInfo":{"username":"yu","userId":"20200001"},"messageCode":"NEW_CONNECTION","message":""}',
2020-07-03 09:50:50:   outStream: null,
2020-07-03 09:50:50:   key: 'yW/v8vQu1I55pD/5eETe9Q==',
2020-07-03 09:50:50:   headers: {
2020-07-03 09:50:50:     host: 'localhost:3000',
2020-07-03 09:50:50:     connection: 'Upgrade',
2020-07-03 09:50:50:     pragma: 'no-cache',
2020-07-03 09:50:50:     'cache-control': 'no-cache',
2020-07-03 09:50:50:     'user-agent': 'Mozilla/5.0 (Windows NT 10.0; Win64; x64) AppleWebKit/537.36 (KHTML, like Gecko) Chrome/83.0.4103.7 Safari/537.36',
2020-07-03 09:50:50:     upgrade: 'websocket',
2020-07-03 09:50:50:     origin: 'file://',
2020-07-03 09:50:50:     'sec-websocket-version': '13',
2020-07-03 09:50:50:     'accept-encoding': 'gzip, deflate, br',
2020-07-03 09:50:50:     'accept-language': 'zh-CN,zh;q=0.9',
2020-07-03 09:50:50:     'sec-websocket-key': 'yW/v8vQu1I55pD/5eETe9Q==',
2020-07-03 09:50:50:     'sec-websocket-extensions': 'permessage-deflate; client_max_window_bits'
2020-07-03 09:50:50:   },
2020-07-03 09:50:50:   _events: [Object: null prototype] {
2020-07-03 09:50:50:     close: [ [Function], [Function] ],
2020-07-03 09:50:50:     text: [Function],
2020-07-03 09:50:50:     error: [Function]
2020-07-03 09:50:50:   },
2020-07-03 09:50:50:   _eventsCount: 3,
2020-07-03 09:50:50:   _maxListeners: undefined
2020-07-03 09:50:50: }
2020-07-07 09:35:20: 新建连接
2020-07-07 09:39:21: 新建连接
2020-07-07 09:39:38: 正常
2020-07-07 09:39:46: 正常
2020-07-07 09:39:56: 正常
2020-07-07 09:40:11: 正常
2020-07-07 09:42:47: Connection {
2020-07-07 09:42:47:   server: Server {
2020-07-07 09:42:47:     socket: Server {
2020-07-07 09:42:47:       _events: [Object: null prototype],
2020-07-07 09:42:47:       _eventsCount: 3,
2020-07-07 09:42:47:       _maxListeners: undefined,
2020-07-07 09:42:47:       _connections: 2,
2020-07-07 09:42:47:       _handle: [TCP],
2020-07-07 09:42:47:       _usingWorkers: false,
2020-07-07 09:42:47:       _workers: [],
2020-07-07 09:42:47:       _unref: false,
2020-07-07 09:42:47:       allowHalfOpen: false,
2020-07-07 09:42:47:       pauseOnConnect: false,
2020-07-07 09:42:47:       _connectionKey: '6::::3000',
2020-07-07 09:42:47:       [Symbol(asyncId)]: 23
2020-07-07 09:42:47:     },
2020-07-07 09:42:47:     connections: [ [Circular], [Connection] ],
2020-07-07 09:42:47:     _events: [Object: null prototype] { connection: [Function] },
2020-07-07 09:42:47:     _eventsCount: 1,
2020-07-07 09:42:47:     _maxListeners: undefined,
2020-07-07 09:42:47:     _selectProtocol: null
2020-07-07 09:42:47:   },
2020-07-07 09:42:47:   path: '/',
2020-07-07 09:42:47:   host: null,
2020-07-07 09:42:47:   extraHeaders: null,
2020-07-07 09:42:47:   protocols: [],
2020-07-07 09:42:47:   protocol: undefined,
2020-07-07 09:42:47:   socket: Socket {
2020-07-07 09:42:47:     connecting: false,
2020-07-07 09:42:47:     _hadError: false,
2020-07-07 09:42:47:     _parent: null,
2020-07-07 09:42:47:     _host: null,
2020-07-07 09:42:47:     _readableState: ReadableState {
2020-07-07 09:42:47:       objectMode: false,
2020-07-07 09:42:47:       highWaterMark: 16384,
2020-07-07 09:42:47:       buffer: BufferList { head: null, tail: null, length: 0 },
2020-07-07 09:42:47:       length: 0,
2020-07-07 09:42:47:       pipes: null,
2020-07-07 09:42:47:       pipesCount: 0,
2020-07-07 09:42:47:       flowing: false,
2020-07-07 09:42:47:       ended: false,
2020-07-07 09:42:47:       endEmitted: false,
2020-07-07 09:42:47:       reading: true,
2020-07-07 09:42:47:       sync: false,
2020-07-07 09:42:47:       needReadable: true,
2020-07-07 09:42:47:       emittedReadable: false,
2020-07-07 09:42:47:       readableListening: true,
2020-07-07 09:42:47:       resumeScheduled: false,
2020-07-07 09:42:47:       paused: true,
2020-07-07 09:42:47:       emitClose: false,
2020-07-07 09:42:47:       autoDestroy: false,
2020-07-07 09:42:47:       destroyed: false,
2020-07-07 09:42:47:       defaultEncoding: 'utf8',
2020-07-07 09:42:47:       awaitDrain: 0,
2020-07-07 09:42:47:       readingMore: true,
2020-07-07 09:42:47:       decoder: null,
2020-07-07 09:42:47:       encoding: null
2020-07-07 09:42:47:     },
2020-07-07 09:42:47:     readable: true,
2020-07-07 09:42:47:     _events: [Object: null prototype] {
2020-07-07 09:42:47:       end: [Function: onReadableStreamEnd],
2020-07-07 09:42:47:       readable: [Function],
2020-07-07 09:42:47:       error: [Function],
2020-07-07 09:42:47:       close: [Function],
2020-07-07 09:42:47:       finish: [Function]
2020-07-07 09:42:47:     },
2020-07-07 09:42:47:     _eventsCount: 5,
2020-07-07 09:42:47:     _maxListeners: undefined,
2020-07-07 09:42:47:     _writableState: WritableState {
2020-07-07 09:42:47:       objectMode: false,
2020-07-07 09:42:47:       highWaterMark: 16384,
2020-07-07 09:42:47:       finalCalled: false,
2020-07-07 09:42:47:       needDrain: false,
2020-07-07 09:42:47:       ending: false,
2020-07-07 09:42:47:       ended: false,
2020-07-07 09:42:47:       finished: false,
2020-07-07 09:42:47:       destroyed: false,
2020-07-07 09:42:47:       decodeStrings: false,
2020-07-07 09:42:47:       defaultEncoding: 'utf8',
2020-07-07 09:42:47:       length: 0,
2020-07-07 09:42:47:       writing: false,
2020-07-07 09:42:47:       corked: 0,
2020-07-07 09:42:47:       sync: false,
2020-07-07 09:42:47:       bufferProcessing: false,
2020-07-07 09:42:47:       onwrite: [Function: bound onwrite],
2020-07-07 09:42:47:       writecb: null,
2020-07-07 09:42:47:       writelen: 0,
2020-07-07 09:42:47:       bufferedRequest: null,
2020-07-07 09:42:47:       lastBufferedRequest: null,
2020-07-07 09:42:47:       pendingcb: 0,
2020-07-07 09:42:47:       prefinished: false,
2020-07-07 09:42:47:       errorEmitted: false,
2020-07-07 09:42:47:       emitClose: false,
2020-07-07 09:42:47:       autoDestroy: false,
2020-07-07 09:42:47:       bufferedRequestCount: 0,
2020-07-07 09:42:47:       corkedRequestsFree: [Object]
2020-07-07 09:42:47:     },
2020-07-07 09:42:47:     writable: true,
2020-07-07 09:42:47:     allowHalfOpen: false,
2020-07-07 09:42:47:     _sockname: null,
2020-07-07 09:42:47:     _pendingData: null,
2020-07-07 09:42:47:     _pendingEncoding: '',
2020-07-07 09:42:47:     server: Server {
2020-07-07 09:42:47:       _events: [Object: null prototype],
2020-07-07 09:42:47:       _eventsCount: 3,
2020-07-07 09:42:47:       _maxListeners: undefined,
2020-07-07 09:42:47:       _connections: 2,
2020-07-07 09:42:47:       _handle: [TCP],
2020-07-07 09:42:47:       _usingWorkers: false,
2020-07-07 09:42:47:       _workers: [],
2020-07-07 09:42:47:       _unref: false,
2020-07-07 09:42:47:       allowHalfOpen: false,
2020-07-07 09:42:47:       pauseOnConnect: false,
2020-07-07 09:42:47:       _connectionKey: '6::::3000',
2020-07-07 09:42:47:       [Symbol(asyncId)]: 23
2020-07-07 09:42:47:     },
2020-07-07 09:42:47:     _server: Server {
2020-07-07 09:42:47:       _events: [Object: null prototype],
2020-07-07 09:42:47:       _eventsCount: 3,
2020-07-07 09:42:47:       _maxListeners: undefined,
2020-07-07 09:42:47:       _connections: 2,
2020-07-07 09:42:47:       _handle: [TCP],
2020-07-07 09:42:47:       _usingWorkers: false,
2020-07-07 09:42:47:       _workers: [],
2020-07-07 09:42:47:       _unref: false,
2020-07-07 09:42:47:       allowHalfOpen: false,
2020-07-07 09:42:47:       pauseOnConnect: false,
2020-07-07 09:42:47:       _connectionKey: '6::::3000',
2020-07-07 09:42:47:       [Symbol(asyncId)]: 23
2020-07-07 09:42:47:     },
2020-07-07 09:42:47:     [Symbol(asyncId)]: 167,
2020-07-07 09:42:47:     [Symbol(kHandle)]: TCP {
2020-07-07 09:42:47:       reading: true,
2020-07-07 09:42:47:       onconnection: null,
2020-07-07 09:42:47:       [Symbol(owner)]: [Circular]
2020-07-07 09:42:47:     },
2020-07-07 09:42:47:     [Symbol(lastWriteQueueSize)]: 0,
2020-07-07 09:42:47:     [Symbol(timeout)]: null,
2020-07-07 09:42:47:     [Symbol(kBuffer)]: null,
2020-07-07 09:42:47:     [Symbol(kBufferCb)]: null,
2020-07-07 09:42:47:     [Symbol(kBufferGen)]: null,
2020-07-07 09:42:47:     [Symbol(kBytesRead)]: 0,
2020-07-07 09:42:47:     [Symbol(kBytesWritten)]: 0
2020-07-07 09:42:47:   },
2020-07-07 09:42:47:   readyState: 1,
2020-07-07 09:42:47:   buffer: <Buffer >,
2020-07-07 09:42:47:   frameBuffer: '{"userInfo":{"username":"yuge","userId":"yuge1593761335280"},"messageCode":"CLOSE_CONNECTION","message":""}',
2020-07-07 09:42:47:   outStream: null,
2020-07-07 09:42:47:   key: 'Eqt0GJMKQMHs65HjeewEBA==',
2020-07-07 09:42:47:   headers: {
2020-07-07 09:42:47:     host: 'localhost:3000',
2020-07-07 09:42:47:     connection: 'Upgrade',
2020-07-07 09:42:47:     pragma: 'no-cache',
2020-07-07 09:42:47:     'cache-control': 'no-cache',
2020-07-07 09:42:47:     'user-agent': 'Mozilla/5.0 (Windows NT 10.0; Win64; x64) AppleWebKit/537.36 (KHTML, like Gecko) Chrome/83.0.4103.7 Safari/537.36',
2020-07-07 09:42:47:     upgrade: 'websocket',
2020-07-07 09:42:47:     origin: 'file://',
2020-07-07 09:42:47:     'sec-websocket-version': '13',
2020-07-07 09:42:47:     'accept-encoding': 'gzip, deflate, br',
2020-07-07 09:42:47:     'accept-language': 'zh-CN,zh;q=0.9',
2020-07-07 09:42:47:     'sec-websocket-key': 'Eqt0GJMKQMHs65HjeewEBA==',
2020-07-07 09:42:47:     'sec-websocket-extensions': 'permessage-deflate; client_max_window_bits'
2020-07-07 09:42:47:   },
2020-07-07 09:42:47:   _events: [Object: null prototype] {
2020-07-07 09:42:47:     close: [ [Function], [Function] ],
2020-07-07 09:42:47:     text: [Function],
2020-07-07 09:42:47:     error: [Function]
2020-07-07 09:42:47:   },
2020-07-07 09:42:47:   _eventsCount: 3,
2020-07-07 09:42:47:   _maxListeners: undefined
2020-07-07 09:42:47: } closessssssssssssssssssssssssssssssssss
2020-07-07 09:42:47: 申请关闭
2020-07-07 09:42:47: 新建连接
2020-07-07 09:43:16: Connection {
2020-07-07 09:43:16:   server: Server {
2020-07-07 09:43:16:     socket: Server {
2020-07-07 09:43:16:       _events: [Object: null prototype],
2020-07-07 09:43:16:       _eventsCount: 3,
2020-07-07 09:43:16:       _maxListeners: undefined,
2020-07-07 09:43:16:       _connections: 2,
2020-07-07 09:43:16:       _handle: [TCP],
2020-07-07 09:43:16:       _usingWorkers: false,
2020-07-07 09:43:16:       _workers: [],
2020-07-07 09:43:16:       _unref: false,
2020-07-07 09:43:16:       allowHalfOpen: false,
2020-07-07 09:43:16:       pauseOnConnect: false,
2020-07-07 09:43:16:       _connectionKey: '6::::3000',
2020-07-07 09:43:16:       [Symbol(asyncId)]: 23
2020-07-07 09:43:16:     },
2020-07-07 09:43:16:     connections: [ [Connection], [Circular] ],
2020-07-07 09:43:16:     _events: [Object: null prototype] { connection: [Function] },
2020-07-07 09:43:16:     _eventsCount: 1,
2020-07-07 09:43:16:     _maxListeners: undefined,
2020-07-07 09:43:16:     _selectProtocol: null
2020-07-07 09:43:16:   },
2020-07-07 09:43:16:   path: '/',
2020-07-07 09:43:16:   host: null,
2020-07-07 09:43:16:   extraHeaders: null,
2020-07-07 09:43:16:   protocols: [],
2020-07-07 09:43:16:   protocol: undefined,
2020-07-07 09:43:16:   socket: Socket {
2020-07-07 09:43:16:     connecting: false,
2020-07-07 09:43:16:     _hadError: false,
2020-07-07 09:43:16:     _parent: null,
2020-07-07 09:43:16:     _host: null,
2020-07-07 09:43:16:     _readableState: ReadableState {
2020-07-07 09:43:16:       objectMode: false,
2020-07-07 09:43:16:       highWaterMark: 16384,
2020-07-07 09:43:16:       buffer: BufferList { head: null, tail: null, length: 0 },
2020-07-07 09:43:16:       length: 0,
2020-07-07 09:43:16:       pipes: null,
2020-07-07 09:43:16:       pipesCount: 0,
2020-07-07 09:43:16:       flowing: false,
2020-07-07 09:43:16:       ended: false,
2020-07-07 09:43:16:       endEmitted: false,
2020-07-07 09:43:16:       reading: true,
2020-07-07 09:43:16:       sync: false,
2020-07-07 09:43:16:       needReadable: true,
2020-07-07 09:43:16:       emittedReadable: false,
2020-07-07 09:43:16:       readableListening: true,
2020-07-07 09:43:16:       resumeScheduled: false,
2020-07-07 09:43:16:       paused: true,
2020-07-07 09:43:16:       emitClose: false,
2020-07-07 09:43:16:       autoDestroy: false,
2020-07-07 09:43:16:       destroyed: false,
2020-07-07 09:43:16:       defaultEncoding: 'utf8',
2020-07-07 09:43:16:       awaitDrain: 0,
2020-07-07 09:43:16:       readingMore: true,
2020-07-07 09:43:16:       decoder: null,
2020-07-07 09:43:16:       encoding: null
2020-07-07 09:43:16:     },
2020-07-07 09:43:16:     readable: true,
2020-07-07 09:43:16:     _events: [Object: null prototype] {
2020-07-07 09:43:16:       end: [Function: onReadableStreamEnd],
2020-07-07 09:43:16:       readable: [Function],
2020-07-07 09:43:16:       error: [Function],
2020-07-07 09:43:16:       close: [Function],
2020-07-07 09:43:16:       finish: [Function]
2020-07-07 09:43:16:     },
2020-07-07 09:43:16:     _eventsCount: 5,
2020-07-07 09:43:16:     _maxListeners: undefined,
2020-07-07 09:43:16:     _writableState: WritableState {
2020-07-07 09:43:16:       objectMode: false,
2020-07-07 09:43:16:       highWaterMark: 16384,
2020-07-07 09:43:16:       finalCalled: false,
2020-07-07 09:43:16:       needDrain: false,
2020-07-07 09:43:16:       ending: false,
2020-07-07 09:43:16:       ended: false,
2020-07-07 09:43:16:       finished: false,
2020-07-07 09:43:16:       destroyed: false,
2020-07-07 09:43:16:       decodeStrings: false,
2020-07-07 09:43:16:       defaultEncoding: 'utf8',
2020-07-07 09:43:16:       length: 0,
2020-07-07 09:43:16:       writing: false,
2020-07-07 09:43:16:       corked: 0,
2020-07-07 09:43:16:       sync: false,
2020-07-07 09:43:16:       bufferProcessing: false,
2020-07-07 09:43:16:       onwrite: [Function: bound onwrite],
2020-07-07 09:43:16:       writecb: null,
2020-07-07 09:43:16:       writelen: 0,
2020-07-07 09:43:16:       bufferedRequest: null,
2020-07-07 09:43:16:       lastBufferedRequest: null,
2020-07-07 09:43:16:       pendingcb: 0,
2020-07-07 09:43:16:       prefinished: false,
2020-07-07 09:43:16:       errorEmitted: false,
2020-07-07 09:43:16:       emitClose: false,
2020-07-07 09:43:16:       autoDestroy: false,
2020-07-07 09:43:16:       bufferedRequestCount: 0,
2020-07-07 09:43:16:       corkedRequestsFree: [Object]
2020-07-07 09:43:16:     },
2020-07-07 09:43:16:     writable: true,
2020-07-07 09:43:16:     allowHalfOpen: false,
2020-07-07 09:43:16:     _sockname: null,
2020-07-07 09:43:16:     _pendingData: null,
2020-07-07 09:43:16:     _pendingEncoding: '',
2020-07-07 09:43:16:     server: Server {
2020-07-07 09:43:16:       _events: [Object: null prototype],
2020-07-07 09:43:16:       _eventsCount: 3,
2020-07-07 09:43:16:       _maxListeners: undefined,
2020-07-07 09:43:16:       _connections: 2,
2020-07-07 09:43:16:       _handle: [TCP],
2020-07-07 09:43:16:       _usingWorkers: false,
2020-07-07 09:43:16:       _workers: [],
2020-07-07 09:43:16:       _unref: false,
2020-07-07 09:43:16:       allowHalfOpen: false,
2020-07-07 09:43:16:       pauseOnConnect: false,
2020-07-07 09:43:16:       _connectionKey: '6::::3000',
2020-07-07 09:43:16:       [Symbol(asyncId)]: 23
2020-07-07 09:43:16:     },
2020-07-07 09:43:16:     _server: Server {
2020-07-07 09:43:16:       _events: [Object: null prototype],
2020-07-07 09:43:16:       _eventsCount: 3,
2020-07-07 09:43:16:       _maxListeners: undefined,
2020-07-07 09:43:16:       _connections: 2,
2020-07-07 09:43:16:       _handle: [TCP],
2020-07-07 09:43:16:       _usingWorkers: false,
2020-07-07 09:43:16:       _workers: [],
2020-07-07 09:43:16:       _unref: false,
2020-07-07 09:43:16:       allowHalfOpen: false,
2020-07-07 09:43:16:       pauseOnConnect: false,
2020-07-07 09:43:16:       _connectionKey: '6::::3000',
2020-07-07 09:43:16:       [Symbol(asyncId)]: 23
2020-07-07 09:43:16:     },
2020-07-07 09:43:16:     [Symbol(asyncId)]: 675,
2020-07-07 09:43:16:     [Symbol(kHandle)]: TCP {
2020-07-07 09:43:16:       reading: true,
2020-07-07 09:43:16:       onconnection: null,
2020-07-07 09:43:16:       [Symbol(owner)]: [Circular]
2020-07-07 09:43:16:     },
2020-07-07 09:43:16:     [Symbol(lastWriteQueueSize)]: 0,
2020-07-07 09:43:16:     [Symbol(timeout)]: null,
2020-07-07 09:43:16:     [Symbol(kBuffer)]: null,
2020-07-07 09:43:16:     [Symbol(kBufferCb)]: null,
2020-07-07 09:43:16:     [Symbol(kBufferGen)]: null,
2020-07-07 09:43:16:     [Symbol(kBytesRead)]: 0,
2020-07-07 09:43:16:     [Symbol(kBytesWritten)]: 0
2020-07-07 09:43:16:   },
2020-07-07 09:43:16:   readyState: 1,
2020-07-07 09:43:16:   buffer: <Buffer >,
2020-07-07 09:43:16:   frameBuffer: '{"userInfo":{"username":"yuge","userId":"yuge1593761335280"},"messageCode":"CLOSE_CONNECTION","message":""}',
2020-07-07 09:43:16:   outStream: null,
2020-07-07 09:43:16:   key: 'vW9U9bwFQHG3k3MDfV2Liw==',
2020-07-07 09:43:16:   headers: {
2020-07-07 09:43:16:     host: 'localhost:3000',
2020-07-07 09:43:16:     connection: 'Upgrade',
2020-07-07 09:43:16:     pragma: 'no-cache',
2020-07-07 09:43:16:     'cache-control': 'no-cache',
2020-07-07 09:43:16:     'user-agent': 'Mozilla/5.0 (Windows NT 10.0; Win64; x64) AppleWebKit/537.36 (KHTML, like Gecko) Chrome/83.0.4103.7 Safari/537.36',
2020-07-07 09:43:16:     upgrade: 'websocket',
2020-07-07 09:43:16:     origin: 'file://',
2020-07-07 09:43:16:     'sec-websocket-version': '13',
2020-07-07 09:43:16:     'accept-encoding': 'gzip, deflate, br',
2020-07-07 09:43:16:     'accept-language': 'zh-CN,zh;q=0.9',
2020-07-07 09:43:16:     'sec-websocket-key': 'vW9U9bwFQHG3k3MDfV2Liw==',
2020-07-07 09:43:16:     'sec-websocket-extensions': 'permessage-deflate; client_max_window_bits'
2020-07-07 09:43:16:   },
2020-07-07 09:43:16:   _events: [Object: null prototype] {
2020-07-07 09:43:16:     close: [ [Function], [Function] ],
2020-07-07 09:43:16:     text: [Function],
2020-07-07 09:43:16:     error: [Function]
2020-07-07 09:43:16:   },
2020-07-07 09:43:16:   _eventsCount: 3,
2020-07-07 09:43:16:   _maxListeners: undefined
2020-07-07 09:43:16: } closessssssssssssssssssssssssssssssssss
2020-07-07 09:43:16: 申请关闭
2020-07-07 09:43:16: 新建连接
2020-07-07 09:44:09: Connection {
2020-07-07 09:44:09:   server: Server {
2020-07-07 09:44:09:     socket: Server {
2020-07-07 09:44:09:       _events: [Object: null prototype],
2020-07-07 09:44:09:       _eventsCount: 3,
2020-07-07 09:44:09:       _maxListeners: undefined,
2020-07-07 09:44:09:       _connections: 2,
2020-07-07 09:44:09:       _handle: [TCP],
2020-07-07 09:44:09:       _usingWorkers: false,
2020-07-07 09:44:09:       _workers: [],
2020-07-07 09:44:09:       _unref: false,
2020-07-07 09:44:09:       allowHalfOpen: false,
2020-07-07 09:44:09:       pauseOnConnect: false,
2020-07-07 09:44:09:       _connectionKey: '6::::3000',
2020-07-07 09:44:09:       [Symbol(asyncId)]: 23
2020-07-07 09:44:09:     },
2020-07-07 09:44:09:     connections: [ [Connection], [Circular] ],
2020-07-07 09:44:09:     _events: [Object: null prototype] { connection: [Function] },
2020-07-07 09:44:09:     _eventsCount: 1,
2020-07-07 09:44:09:     _maxListeners: undefined,
2020-07-07 09:44:09:     _selectProtocol: null
2020-07-07 09:44:09:   },
2020-07-07 09:44:09:   path: '/',
2020-07-07 09:44:09:   host: null,
2020-07-07 09:44:09:   extraHeaders: null,
2020-07-07 09:44:09:   protocols: [],
2020-07-07 09:44:09:   protocol: undefined,
2020-07-07 09:44:09:   socket: Socket {
2020-07-07 09:44:09:     connecting: false,
2020-07-07 09:44:09:     _hadError: false,
2020-07-07 09:44:09:     _parent: null,
2020-07-07 09:44:09:     _host: null,
2020-07-07 09:44:09:     _readableState: ReadableState {
2020-07-07 09:44:09:       objectMode: false,
2020-07-07 09:44:09:       highWaterMark: 16384,
2020-07-07 09:44:09:       buffer: BufferList { head: null, tail: null, length: 0 },
2020-07-07 09:44:09:       length: 0,
2020-07-07 09:44:09:       pipes: null,
2020-07-07 09:44:09:       pipesCount: 0,
2020-07-07 09:44:09:       flowing: false,
2020-07-07 09:44:09:       ended: false,
2020-07-07 09:44:09:       endEmitted: false,
2020-07-07 09:44:09:       reading: true,
2020-07-07 09:44:09:       sync: false,
2020-07-07 09:44:09:       needReadable: true,
2020-07-07 09:44:09:       emittedReadable: false,
2020-07-07 09:44:09:       readableListening: true,
2020-07-07 09:44:09:       resumeScheduled: false,
2020-07-07 09:44:09:       paused: true,
2020-07-07 09:44:09:       emitClose: false,
2020-07-07 09:44:09:       autoDestroy: false,
2020-07-07 09:44:09:       destroyed: false,
2020-07-07 09:44:09:       defaultEncoding: 'utf8',
2020-07-07 09:44:09:       awaitDrain: 0,
2020-07-07 09:44:09:       readingMore: true,
2020-07-07 09:44:09:       decoder: null,
2020-07-07 09:44:09:       encoding: null
2020-07-07 09:44:09:     },
2020-07-07 09:44:09:     readable: true,
2020-07-07 09:44:09:     _events: [Object: null prototype] {
2020-07-07 09:44:09:       end: [Function: onReadableStreamEnd],
2020-07-07 09:44:09:       readable: [Function],
2020-07-07 09:44:09:       error: [Function],
2020-07-07 09:44:09:       close: [Function],
2020-07-07 09:44:09:       finish: [Function]
2020-07-07 09:44:09:     },
2020-07-07 09:44:09:     _eventsCount: 5,
2020-07-07 09:44:09:     _maxListeners: undefined,
2020-07-07 09:44:09:     _writableState: WritableState {
2020-07-07 09:44:09:       objectMode: false,
2020-07-07 09:44:09:       highWaterMark: 16384,
2020-07-07 09:44:09:       finalCalled: false,
2020-07-07 09:44:09:       needDrain: false,
2020-07-07 09:44:09:       ending: false,
2020-07-07 09:44:09:       ended: false,
2020-07-07 09:44:09:       finished: false,
2020-07-07 09:44:09:       destroyed: false,
2020-07-07 09:44:09:       decodeStrings: false,
2020-07-07 09:44:09:       defaultEncoding: 'utf8',
2020-07-07 09:44:09:       length: 0,
2020-07-07 09:44:09:       writing: false,
2020-07-07 09:44:09:       corked: 0,
2020-07-07 09:44:09:       sync: false,
2020-07-07 09:44:09:       bufferProcessing: false,
2020-07-07 09:44:09:       onwrite: [Function: bound onwrite],
2020-07-07 09:44:09:       writecb: null,
2020-07-07 09:44:09:       writelen: 0,
2020-07-07 09:44:09:       bufferedRequest: null,
2020-07-07 09:44:09:       lastBufferedRequest: null,
2020-07-07 09:44:09:       pendingcb: 0,
2020-07-07 09:44:09:       prefinished: false,
2020-07-07 09:44:09:       errorEmitted: false,
2020-07-07 09:44:09:       emitClose: false,
2020-07-07 09:44:09:       autoDestroy: false,
2020-07-07 09:44:09:       bufferedRequestCount: 0,
2020-07-07 09:44:09:       corkedRequestsFree: [Object]
2020-07-07 09:44:09:     },
2020-07-07 09:44:09:     writable: true,
2020-07-07 09:44:09:     allowHalfOpen: false,
2020-07-07 09:44:09:     _sockname: null,
2020-07-07 09:44:09:     _pendingData: null,
2020-07-07 09:44:09:     _pendingEncoding: '',
2020-07-07 09:44:09:     server: Server {
2020-07-07 09:44:09:       _events: [Object: null prototype],
2020-07-07 09:44:09:       _eventsCount: 3,
2020-07-07 09:44:09:       _maxListeners: undefined,
2020-07-07 09:44:09:       _connections: 2,
2020-07-07 09:44:09:       _handle: [TCP],
2020-07-07 09:44:09:       _usingWorkers: false,
2020-07-07 09:44:09:       _workers: [],
2020-07-07 09:44:09:       _unref: false,
2020-07-07 09:44:09:       allowHalfOpen: false,
2020-07-07 09:44:09:       pauseOnConnect: false,
2020-07-07 09:44:09:       _connectionKey: '6::::3000',
2020-07-07 09:44:09:       [Symbol(asyncId)]: 23
2020-07-07 09:44:09:     },
2020-07-07 09:44:09:     _server: Server {
2020-07-07 09:44:09:       _events: [Object: null prototype],
2020-07-07 09:44:09:       _eventsCount: 3,
2020-07-07 09:44:09:       _maxListeners: undefined,
2020-07-07 09:44:09:       _connections: 2,
2020-07-07 09:44:09:       _handle: [TCP],
2020-07-07 09:44:09:       _usingWorkers: false,
2020-07-07 09:44:09:       _workers: [],
2020-07-07 09:44:09:       _unref: false,
2020-07-07 09:44:09:       allowHalfOpen: false,
2020-07-07 09:44:09:       pauseOnConnect: false,
2020-07-07 09:44:09:       _connectionKey: '6::::3000',
2020-07-07 09:44:09:       [Symbol(asyncId)]: 23
2020-07-07 09:44:09:     },
2020-07-07 09:44:09:     [Symbol(asyncId)]: 730,
2020-07-07 09:44:09:     [Symbol(kHandle)]: TCP {
2020-07-07 09:44:09:       reading: true,
2020-07-07 09:44:09:       onconnection: null,
2020-07-07 09:44:09:       [Symbol(owner)]: [Circular]
2020-07-07 09:44:09:     },
2020-07-07 09:44:09:     [Symbol(lastWriteQueueSize)]: 0,
2020-07-07 09:44:09:     [Symbol(timeout)]: null,
2020-07-07 09:44:09:     [Symbol(kBuffer)]: null,
2020-07-07 09:44:09:     [Symbol(kBufferCb)]: null,
2020-07-07 09:44:09:     [Symbol(kBufferGen)]: null,
2020-07-07 09:44:09:     [Symbol(kBytesRead)]: 0,
2020-07-07 09:44:09:     [Symbol(kBytesWritten)]: 0
2020-07-07 09:44:09:   },
2020-07-07 09:44:09:   readyState: 1,
2020-07-07 09:44:09:   buffer: <Buffer >,
2020-07-07 09:44:09:   frameBuffer: '{"userInfo":{"username":"yuge","userId":"yuge1593761335280"},"messageCode":"CLOSE_CONNECTION","message":""}',
2020-07-07 09:44:09:   outStream: null,
2020-07-07 09:44:09:   key: 'YJNjj9xJmzXja7bT7+lwrA==',
2020-07-07 09:44:09:   headers: {
2020-07-07 09:44:09:     host: 'localhost:3000',
2020-07-07 09:44:09:     connection: 'Upgrade',
2020-07-07 09:44:09:     pragma: 'no-cache',
2020-07-07 09:44:09:     'cache-control': 'no-cache',
2020-07-07 09:44:09:     'user-agent': 'Mozilla/5.0 (Windows NT 10.0; Win64; x64) AppleWebKit/537.36 (KHTML, like Gecko) Chrome/83.0.4103.7 Safari/537.36',
2020-07-07 09:44:09:     upgrade: 'websocket',
2020-07-07 09:44:09:     origin: 'file://',
2020-07-07 09:44:09:     'sec-websocket-version': '13',
2020-07-07 09:44:09:     'accept-encoding': 'gzip, deflate, br',
2020-07-07 09:44:09:     'accept-language': 'zh-CN,zh;q=0.9',
2020-07-07 09:44:09:     'sec-websocket-key': 'YJNjj9xJmzXja7bT7+lwrA==',
2020-07-07 09:44:09:     'sec-websocket-extensions': 'permessage-deflate; client_max_window_bits'
2020-07-07 09:44:09:   },
2020-07-07 09:44:09:   _events: [Object: null prototype] {
2020-07-07 09:44:09:     close: [ [Function], [Function] ],
2020-07-07 09:44:09:     text: [Function],
2020-07-07 09:44:09:     error: [Function]
2020-07-07 09:44:09:   },
2020-07-07 09:44:09:   _eventsCount: 3,
2020-07-07 09:44:09:   _maxListeners: undefined
2020-07-07 09:44:09: } closessssssssssssssssssssssssssssssssss
2020-07-07 09:44:09: 申请关闭
2020-07-07 09:44:09: 新建连接
2020-07-07 09:45:26: Connection {
2020-07-07 09:45:26:   server: Server {
2020-07-07 09:45:26:     socket: Server {
2020-07-07 09:45:26:       _events: [Object: null prototype],
2020-07-07 09:45:26:       _eventsCount: 3,
2020-07-07 09:45:26:       _maxListeners: undefined,
2020-07-07 09:45:26:       _connections: 2,
2020-07-07 09:45:26:       _handle: [TCP],
2020-07-07 09:45:26:       _usingWorkers: false,
2020-07-07 09:45:26:       _workers: [],
2020-07-07 09:45:26:       _unref: false,
2020-07-07 09:45:26:       allowHalfOpen: false,
2020-07-07 09:45:26:       pauseOnConnect: false,
2020-07-07 09:45:26:       _connectionKey: '6::::3000',
2020-07-07 09:45:26:       [Symbol(asyncId)]: 23
2020-07-07 09:45:26:     },
2020-07-07 09:45:26:     connections: [ [Connection], [Circular] ],
2020-07-07 09:45:26:     _events: [Object: null prototype] { connection: [Function] },
2020-07-07 09:45:26:     _eventsCount: 1,
2020-07-07 09:45:26:     _maxListeners: undefined,
2020-07-07 09:45:26:     _selectProtocol: null
2020-07-07 09:45:26:   },
2020-07-07 09:45:26:   path: '/',
2020-07-07 09:45:26:   host: null,
2020-07-07 09:45:26:   extraHeaders: null,
2020-07-07 09:45:26:   protocols: [],
2020-07-07 09:45:26:   protocol: undefined,
2020-07-07 09:45:26:   socket: Socket {
2020-07-07 09:45:26:     connecting: false,
2020-07-07 09:45:26:     _hadError: false,
2020-07-07 09:45:26:     _parent: null,
2020-07-07 09:45:26:     _host: null,
2020-07-07 09:45:26:     _readableState: ReadableState {
2020-07-07 09:45:26:       objectMode: false,
2020-07-07 09:45:26:       highWaterMark: 16384,
2020-07-07 09:45:26:       buffer: BufferList { head: null, tail: null, length: 0 },
2020-07-07 09:45:26:       length: 0,
2020-07-07 09:45:26:       pipes: null,
2020-07-07 09:45:26:       pipesCount: 0,
2020-07-07 09:45:26:       flowing: false,
2020-07-07 09:45:26:       ended: false,
2020-07-07 09:45:26:       endEmitted: false,
2020-07-07 09:45:26:       reading: true,
2020-07-07 09:45:26:       sync: false,
2020-07-07 09:45:26:       needReadable: true,
2020-07-07 09:45:26:       emittedReadable: false,
2020-07-07 09:45:26:       readableListening: true,
2020-07-07 09:45:26:       resumeScheduled: false,
2020-07-07 09:45:26:       paused: true,
2020-07-07 09:45:26:       emitClose: false,
2020-07-07 09:45:26:       autoDestroy: false,
2020-07-07 09:45:26:       destroyed: false,
2020-07-07 09:45:26:       defaultEncoding: 'utf8',
2020-07-07 09:45:26:       awaitDrain: 0,
2020-07-07 09:45:26:       readingMore: true,
2020-07-07 09:45:26:       decoder: null,
2020-07-07 09:45:26:       encoding: null
2020-07-07 09:45:26:     },
2020-07-07 09:45:26:     readable: true,
2020-07-07 09:45:26:     _events: [Object: null prototype] {
2020-07-07 09:45:26:       end: [Function: onReadableStreamEnd],
2020-07-07 09:45:26:       readable: [Function],
2020-07-07 09:45:26:       error: [Function],
2020-07-07 09:45:26:       close: [Function],
2020-07-07 09:45:26:       finish: [Function]
2020-07-07 09:45:26:     },
2020-07-07 09:45:26:     _eventsCount: 5,
2020-07-07 09:45:26:     _maxListeners: undefined,
2020-07-07 09:45:26:     _writableState: WritableState {
2020-07-07 09:45:26:       objectMode: false,
2020-07-07 09:45:26:       highWaterMark: 16384,
2020-07-07 09:45:26:       finalCalled: false,
2020-07-07 09:45:26:       needDrain: false,
2020-07-07 09:45:26:       ending: false,
2020-07-07 09:45:26:       ended: false,
2020-07-07 09:45:26:       finished: false,
2020-07-07 09:45:26:       destroyed: false,
2020-07-07 09:45:26:       decodeStrings: false,
2020-07-07 09:45:26:       defaultEncoding: 'utf8',
2020-07-07 09:45:26:       length: 0,
2020-07-07 09:45:26:       writing: false,
2020-07-07 09:45:26:       corked: 0,
2020-07-07 09:45:26:       sync: false,
2020-07-07 09:45:26:       bufferProcessing: false,
2020-07-07 09:45:26:       onwrite: [Function: bound onwrite],
2020-07-07 09:45:26:       writecb: null,
2020-07-07 09:45:26:       writelen: 0,
2020-07-07 09:45:26:       bufferedRequest: null,
2020-07-07 09:45:26:       lastBufferedRequest: null,
2020-07-07 09:45:26:       pendingcb: 0,
2020-07-07 09:45:26:       prefinished: false,
2020-07-07 09:45:26:       errorEmitted: false,
2020-07-07 09:45:26:       emitClose: false,
2020-07-07 09:45:26:       autoDestroy: false,
2020-07-07 09:45:26:       bufferedRequestCount: 0,
2020-07-07 09:45:26:       corkedRequestsFree: [Object]
2020-07-07 09:45:26:     },
2020-07-07 09:45:26:     writable: true,
2020-07-07 09:45:26:     allowHalfOpen: false,
2020-07-07 09:45:26:     _sockname: null,
2020-07-07 09:45:26:     _pendingData: null,
2020-07-07 09:45:26:     _pendingEncoding: '',
2020-07-07 09:45:26:     server: Server {
2020-07-07 09:45:26:       _events: [Object: null prototype],
2020-07-07 09:45:26:       _eventsCount: 3,
2020-07-07 09:45:26:       _maxListeners: undefined,
2020-07-07 09:45:26:       _connections: 2,
2020-07-07 09:45:26:       _handle: [TCP],
2020-07-07 09:45:26:       _usingWorkers: false,
2020-07-07 09:45:26:       _workers: [],
2020-07-07 09:45:26:       _unref: false,
2020-07-07 09:45:26:       allowHalfOpen: false,
2020-07-07 09:45:26:       pauseOnConnect: false,
2020-07-07 09:45:26:       _connectionKey: '6::::3000',
2020-07-07 09:45:26:       [Symbol(asyncId)]: 23
2020-07-07 09:45:26:     },
2020-07-07 09:45:26:     _server: Server {
2020-07-07 09:45:26:       _events: [Object: null prototype],
2020-07-07 09:45:26:       _eventsCount: 3,
2020-07-07 09:45:26:       _maxListeners: undefined,
2020-07-07 09:45:26:       _connections: 2,
2020-07-07 09:45:26:       _handle: [TCP],
2020-07-07 09:45:26:       _usingWorkers: false,
2020-07-07 09:45:26:       _workers: [],
2020-07-07 09:45:26:       _unref: false,
2020-07-07 09:45:26:       allowHalfOpen: false,
2020-07-07 09:45:26:       pauseOnConnect: false,
2020-07-07 09:45:26:       _connectionKey: '6::::3000',
2020-07-07 09:45:26:       [Symbol(asyncId)]: 23
2020-07-07 09:45:26:     },
2020-07-07 09:45:26:     [Symbol(asyncId)]: 808,
2020-07-07 09:45:26:     [Symbol(kHandle)]: TCP {
2020-07-07 09:45:26:       reading: true,
2020-07-07 09:45:26:       onconnection: null,
2020-07-07 09:45:26:       [Symbol(owner)]: [Circular]
2020-07-07 09:45:26:     },
2020-07-07 09:45:26:     [Symbol(lastWriteQueueSize)]: 0,
2020-07-07 09:45:26:     [Symbol(timeout)]: null,
2020-07-07 09:45:26:     [Symbol(kBuffer)]: null,
2020-07-07 09:45:26:     [Symbol(kBufferCb)]: null,
2020-07-07 09:45:26:     [Symbol(kBufferGen)]: null,
2020-07-07 09:45:26:     [Symbol(kBytesRead)]: 0,
2020-07-07 09:45:26:     [Symbol(kBytesWritten)]: 0
2020-07-07 09:45:26:   },
2020-07-07 09:45:26:   readyState: 1,
2020-07-07 09:45:26:   buffer: <Buffer >,
2020-07-07 09:45:26:   frameBuffer: '{"userInfo":{"username":"yuge","userId":"yuge1593761335280"},"messageCode":"CLOSE_CONNECTION","message":""}',
2020-07-07 09:45:26:   outStream: null,
2020-07-07 09:45:26:   key: 'bB+uatFJots+XebEFonTGQ==',
2020-07-07 09:45:26:   headers: {
2020-07-07 09:45:26:     host: 'localhost:3000',
2020-07-07 09:45:26:     connection: 'Upgrade',
2020-07-07 09:45:26:     pragma: 'no-cache',
2020-07-07 09:45:26:     'cache-control': 'no-cache',
2020-07-07 09:45:26:     'user-agent': 'Mozilla/5.0 (Windows NT 10.0; Win64; x64) AppleWebKit/537.36 (KHTML, like Gecko) Chrome/83.0.4103.7 Safari/537.36',
2020-07-07 09:45:26:     upgrade: 'websocket',
2020-07-07 09:45:26:     origin: 'file://',
2020-07-07 09:45:26:     'sec-websocket-version': '13',
2020-07-07 09:45:26:     'accept-encoding': 'gzip, deflate, br',
2020-07-07 09:45:26:     'accept-language': 'zh-CN,zh;q=0.9',
2020-07-07 09:45:26:     'sec-websocket-key': 'bB+uatFJots+XebEFonTGQ==',
2020-07-07 09:45:26:     'sec-websocket-extensions': 'permessage-deflate; client_max_window_bits'
2020-07-07 09:45:26:   },
2020-07-07 09:45:26:   _events: [Object: null prototype] {
2020-07-07 09:45:26:     close: [ [Function], [Function] ],
2020-07-07 09:45:26:     text: [Function],
2020-07-07 09:45:26:     error: [Function]
2020-07-07 09:45:26:   },
2020-07-07 09:45:26:   _eventsCount: 3,
2020-07-07 09:45:26:   _maxListeners: undefined
2020-07-07 09:45:26: } closessssssssssssssssssssssssssssssssss
2020-07-07 09:45:26: 申请关闭
2020-07-07 09:45:26: 新建连接
2020-07-07 09:45:34: 正常
2020-07-07 09:49:59: Connection {
2020-07-07 09:49:59:   server: Server {
2020-07-07 09:49:59:     socket: Server {
2020-07-07 09:49:59:       _events: [Object: null prototype],
2020-07-07 09:49:59:       _eventsCount: 3,
2020-07-07 09:49:59:       _maxListeners: undefined,
2020-07-07 09:49:59:       _connections: 2,
2020-07-07 09:49:59:       _handle: [TCP],
2020-07-07 09:49:59:       _usingWorkers: false,
2020-07-07 09:49:59:       _workers: [],
2020-07-07 09:49:59:       _unref: false,
2020-07-07 09:49:59:       allowHalfOpen: false,
2020-07-07 09:49:59:       pauseOnConnect: false,
2020-07-07 09:49:59:       _connectionKey: '6::::3000',
2020-07-07 09:49:59:       [Symbol(asyncId)]: 23
2020-07-07 09:49:59:     },
2020-07-07 09:49:59:     connections: [ [Connection], [Circular] ],
2020-07-07 09:49:59:     _events: [Object: null prototype] { connection: [Function] },
2020-07-07 09:49:59:     _eventsCount: 1,
2020-07-07 09:49:59:     _maxListeners: undefined,
2020-07-07 09:49:59:     _selectProtocol: null
2020-07-07 09:49:59:   },
2020-07-07 09:49:59:   path: '/',
2020-07-07 09:49:59:   host: null,
2020-07-07 09:49:59:   extraHeaders: null,
2020-07-07 09:49:59:   protocols: [],
2020-07-07 09:49:59:   protocol: undefined,
2020-07-07 09:49:59:   socket: Socket {
2020-07-07 09:49:59:     connecting: false,
2020-07-07 09:49:59:     _hadError: false,
2020-07-07 09:49:59:     _parent: null,
2020-07-07 09:49:59:     _host: null,
2020-07-07 09:49:59:     _readableState: ReadableState {
2020-07-07 09:49:59:       objectMode: false,
2020-07-07 09:49:59:       highWaterMark: 16384,
2020-07-07 09:49:59:       buffer: BufferList { head: null, tail: null, length: 0 },
2020-07-07 09:49:59:       length: 0,
2020-07-07 09:49:59:       pipes: null,
2020-07-07 09:49:59:       pipesCount: 0,
2020-07-07 09:49:59:       flowing: false,
2020-07-07 09:49:59:       ended: false,
2020-07-07 09:49:59:       endEmitted: false,
2020-07-07 09:49:59:       reading: true,
2020-07-07 09:49:59:       sync: false,
2020-07-07 09:49:59:       needReadable: true,
2020-07-07 09:49:59:       emittedReadable: false,
2020-07-07 09:49:59:       readableListening: true,
2020-07-07 09:49:59:       resumeScheduled: false,
2020-07-07 09:49:59:       paused: true,
2020-07-07 09:49:59:       emitClose: false,
2020-07-07 09:49:59:       autoDestroy: false,
2020-07-07 09:49:59:       destroyed: false,
2020-07-07 09:49:59:       defaultEncoding: 'utf8',
2020-07-07 09:49:59:       awaitDrain: 0,
2020-07-07 09:49:59:       readingMore: true,
2020-07-07 09:49:59:       decoder: null,
2020-07-07 09:49:59:       encoding: null
2020-07-07 09:49:59:     },
2020-07-07 09:49:59:     readable: true,
2020-07-07 09:49:59:     _events: [Object: null prototype] {
2020-07-07 09:49:59:       end: [Function: onReadableStreamEnd],
2020-07-07 09:49:59:       readable: [Function],
2020-07-07 09:49:59:       error: [Function],
2020-07-07 09:49:59:       close: [Function],
2020-07-07 09:49:59:       finish: [Function]
2020-07-07 09:49:59:     },
2020-07-07 09:49:59:     _eventsCount: 5,
2020-07-07 09:49:59:     _maxListeners: undefined,
2020-07-07 09:49:59:     _writableState: WritableState {
2020-07-07 09:49:59:       objectMode: false,
2020-07-07 09:49:59:       highWaterMark: 16384,
2020-07-07 09:49:59:       finalCalled: false,
2020-07-07 09:49:59:       needDrain: false,
2020-07-07 09:49:59:       ending: false,
2020-07-07 09:49:59:       ended: false,
2020-07-07 09:49:59:       finished: false,
2020-07-07 09:49:59:       destroyed: false,
2020-07-07 09:49:59:       decodeStrings: false,
2020-07-07 09:49:59:       defaultEncoding: 'utf8',
2020-07-07 09:49:59:       length: 0,
2020-07-07 09:49:59:       writing: false,
2020-07-07 09:49:59:       corked: 0,
2020-07-07 09:49:59:       sync: false,
2020-07-07 09:49:59:       bufferProcessing: false,
2020-07-07 09:49:59:       onwrite: [Function: bound onwrite],
2020-07-07 09:49:59:       writecb: null,
2020-07-07 09:49:59:       writelen: 0,
2020-07-07 09:49:59:       bufferedRequest: null,
2020-07-07 09:49:59:       lastBufferedRequest: null,
2020-07-07 09:49:59:       pendingcb: 0,
2020-07-07 09:49:59:       prefinished: false,
2020-07-07 09:49:59:       errorEmitted: false,
2020-07-07 09:49:59:       emitClose: false,
2020-07-07 09:49:59:       autoDestroy: false,
2020-07-07 09:49:59:       bufferedRequestCount: 0,
2020-07-07 09:49:59:       corkedRequestsFree: [Object]
2020-07-07 09:49:59:     },
2020-07-07 09:49:59:     writable: true,
2020-07-07 09:49:59:     allowHalfOpen: false,
2020-07-07 09:49:59:     _sockname: null,
2020-07-07 09:49:59:     _pendingData: null,
2020-07-07 09:49:59:     _pendingEncoding: '',
2020-07-07 09:49:59:     server: Server {
2020-07-07 09:49:59:       _events: [Object: null prototype],
2020-07-07 09:49:59:       _eventsCount: 3,
2020-07-07 09:49:59:       _maxListeners: undefined,
2020-07-07 09:49:59:       _connections: 2,
2020-07-07 09:49:59:       _handle: [TCP],
2020-07-07 09:49:59:       _usingWorkers: false,
2020-07-07 09:49:59:       _workers: [],
2020-07-07 09:49:59:       _unref: false,
2020-07-07 09:49:59:       allowHalfOpen: false,
2020-07-07 09:49:59:       pauseOnConnect: false,
2020-07-07 09:49:59:       _connectionKey: '6::::3000',
2020-07-07 09:49:59:       [Symbol(asyncId)]: 23
2020-07-07 09:49:59:     },
2020-07-07 09:49:59:     _server: Server {
2020-07-07 09:49:59:       _events: [Object: null prototype],
2020-07-07 09:49:59:       _eventsCount: 3,
2020-07-07 09:49:59:       _maxListeners: undefined,
2020-07-07 09:49:59:       _connections: 2,
2020-07-07 09:49:59:       _handle: [TCP],
2020-07-07 09:49:59:       _usingWorkers: false,
2020-07-07 09:49:59:       _workers: [],
2020-07-07 09:49:59:       _unref: false,
2020-07-07 09:49:59:       allowHalfOpen: false,
2020-07-07 09:49:59:       pauseOnConnect: false,
2020-07-07 09:49:59:       _connectionKey: '6::::3000',
2020-07-07 09:49:59:       [Symbol(asyncId)]: 23
2020-07-07 09:49:59:     },
2020-07-07 09:49:59:     [Symbol(asyncId)]: 911,
2020-07-07 09:49:59:     [Symbol(kHandle)]: TCP {
2020-07-07 09:49:59:       reading: true,
2020-07-07 09:49:59:       onconnection: null,
2020-07-07 09:49:59:       [Symbol(owner)]: [Circular]
2020-07-07 09:49:59:     },
2020-07-07 09:49:59:     [Symbol(lastWriteQueueSize)]: 0,
2020-07-07 09:49:59:     [Symbol(timeout)]: null,
2020-07-07 09:49:59:     [Symbol(kBuffer)]: null,
2020-07-07 09:49:59:     [Symbol(kBufferCb)]: null,
2020-07-07 09:49:59:     [Symbol(kBufferGen)]: null,
2020-07-07 09:49:59:     [Symbol(kBytesRead)]: 0,
2020-07-07 09:49:59:     [Symbol(kBytesWritten)]: 0
2020-07-07 09:49:59:   },
2020-07-07 09:49:59:   readyState: 1,
2020-07-07 09:49:59:   buffer: <Buffer >,
2020-07-07 09:49:59:   frameBuffer: '{"userInfo":{"username":"yuge","userId":"yuge1593761335280"},"messageCode":"CLOSE_CONNECTION","message":""}',
2020-07-07 09:49:59:   outStream: null,
2020-07-07 09:49:59:   key: 'z2EAKOW1eMRDyLR4wZDRzg==',
2020-07-07 09:49:59:   headers: {
2020-07-07 09:49:59:     host: 'localhost:3000',
2020-07-07 09:49:59:     connection: 'Upgrade',
2020-07-07 09:49:59:     pragma: 'no-cache',
2020-07-07 09:49:59:     'cache-control': 'no-cache',
2020-07-07 09:49:59:     'user-agent': 'Mozilla/5.0 (Windows NT 10.0; Win64; x64) AppleWebKit/537.36 (KHTML, like Gecko) Chrome/83.0.4103.7 Safari/537.36',
2020-07-07 09:49:59:     upgrade: 'websocket',
2020-07-07 09:49:59:     origin: 'file://',
2020-07-07 09:49:59:     'sec-websocket-version': '13',
2020-07-07 09:49:59:     'accept-encoding': 'gzip, deflate, br',
2020-07-07 09:49:59:     'accept-language': 'zh-CN,zh;q=0.9',
2020-07-07 09:49:59:     'sec-websocket-key': 'z2EAKOW1eMRDyLR4wZDRzg==',
2020-07-07 09:49:59:     'sec-websocket-extensions': 'permessage-deflate; client_max_window_bits'
2020-07-07 09:49:59:   },
2020-07-07 09:49:59:   _events: [Object: null prototype] {
2020-07-07 09:49:59:     close: [ [Function], [Function] ],
2020-07-07 09:49:59:     text: [Function],
2020-07-07 09:49:59:     error: [Function]
2020-07-07 09:49:59:   },
2020-07-07 09:49:59:   _eventsCount: 3,
2020-07-07 09:49:59:   _maxListeners: undefined
2020-07-07 09:49:59: } closessssssssssssssssssssssssssssssssss
2020-07-07 09:49:59: 申请关闭
2020-07-07 09:49:59: 新建连接
2020-07-07 09:50:03: 正常
2020-07-07 09:50:19: Connection {
2020-07-07 09:50:19:   server: Server {
2020-07-07 09:50:19:     socket: Server {
2020-07-07 09:50:19:       _events: [Object: null prototype],
2020-07-07 09:50:19:       _eventsCount: 3,
2020-07-07 09:50:19:       _maxListeners: undefined,
2020-07-07 09:50:19:       _connections: 2,
2020-07-07 09:50:19:       _handle: [TCP],
2020-07-07 09:50:19:       _usingWorkers: false,
2020-07-07 09:50:19:       _workers: [],
2020-07-07 09:50:19:       _unref: false,
2020-07-07 09:50:19:       allowHalfOpen: false,
2020-07-07 09:50:19:       pauseOnConnect: false,
2020-07-07 09:50:19:       _connectionKey: '6::::3000',
2020-07-07 09:50:19:       [Symbol(asyncId)]: 23
2020-07-07 09:50:19:     },
2020-07-07 09:50:19:     connections: [ [Connection], [Circular] ],
2020-07-07 09:50:19:     _events: [Object: null prototype] { connection: [Function] },
2020-07-07 09:50:19:     _eventsCount: 1,
2020-07-07 09:50:19:     _maxListeners: undefined,
2020-07-07 09:50:19:     _selectProtocol: null
2020-07-07 09:50:19:   },
2020-07-07 09:50:19:   path: '/',
2020-07-07 09:50:19:   host: null,
2020-07-07 09:50:19:   extraHeaders: null,
2020-07-07 09:50:19:   protocols: [],
2020-07-07 09:50:19:   protocol: undefined,
2020-07-07 09:50:19:   socket: Socket {
2020-07-07 09:50:19:     connecting: false,
2020-07-07 09:50:19:     _hadError: false,
2020-07-07 09:50:19:     _parent: null,
2020-07-07 09:50:19:     _host: null,
2020-07-07 09:50:19:     _readableState: ReadableState {
2020-07-07 09:50:19:       objectMode: false,
2020-07-07 09:50:19:       highWaterMark: 16384,
2020-07-07 09:50:19:       buffer: BufferList { head: null, tail: null, length: 0 },
2020-07-07 09:50:19:       length: 0,
2020-07-07 09:50:19:       pipes: null,
2020-07-07 09:50:19:       pipesCount: 0,
2020-07-07 09:50:19:       flowing: false,
2020-07-07 09:50:19:       ended: false,
2020-07-07 09:50:19:       endEmitted: false,
2020-07-07 09:50:19:       reading: true,
2020-07-07 09:50:19:       sync: false,
2020-07-07 09:50:19:       needReadable: true,
2020-07-07 09:50:19:       emittedReadable: false,
2020-07-07 09:50:19:       readableListening: true,
2020-07-07 09:50:19:       resumeScheduled: false,
2020-07-07 09:50:19:       paused: true,
2020-07-07 09:50:19:       emitClose: false,
2020-07-07 09:50:19:       autoDestroy: false,
2020-07-07 09:50:19:       destroyed: false,
2020-07-07 09:50:19:       defaultEncoding: 'utf8',
2020-07-07 09:50:19:       awaitDrain: 0,
2020-07-07 09:50:19:       readingMore: true,
2020-07-07 09:50:19:       decoder: null,
2020-07-07 09:50:19:       encoding: null
2020-07-07 09:50:19:     },
2020-07-07 09:50:19:     readable: true,
2020-07-07 09:50:19:     _events: [Object: null prototype] {
2020-07-07 09:50:19:       end: [Function: onReadableStreamEnd],
2020-07-07 09:50:19:       readable: [Function],
2020-07-07 09:50:19:       error: [Function],
2020-07-07 09:50:19:       close: [Function],
2020-07-07 09:50:19:       finish: [Function]
2020-07-07 09:50:19:     },
2020-07-07 09:50:19:     _eventsCount: 5,
2020-07-07 09:50:19:     _maxListeners: undefined,
2020-07-07 09:50:19:     _writableState: WritableState {
2020-07-07 09:50:19:       objectMode: false,
2020-07-07 09:50:19:       highWaterMark: 16384,
2020-07-07 09:50:19:       finalCalled: false,
2020-07-07 09:50:19:       needDrain: false,
2020-07-07 09:50:19:       ending: false,
2020-07-07 09:50:19:       ended: false,
2020-07-07 09:50:19:       finished: false,
2020-07-07 09:50:19:       destroyed: false,
2020-07-07 09:50:19:       decodeStrings: false,
2020-07-07 09:50:19:       defaultEncoding: 'utf8',
2020-07-07 09:50:19:       length: 0,
2020-07-07 09:50:19:       writing: false,
2020-07-07 09:50:19:       corked: 0,
2020-07-07 09:50:19:       sync: false,
2020-07-07 09:50:19:       bufferProcessing: false,
2020-07-07 09:50:19:       onwrite: [Function: bound onwrite],
2020-07-07 09:50:19:       writecb: null,
2020-07-07 09:50:19:       writelen: 0,
2020-07-07 09:50:19:       bufferedRequest: null,
2020-07-07 09:50:19:       lastBufferedRequest: null,
2020-07-07 09:50:19:       pendingcb: 0,
2020-07-07 09:50:19:       prefinished: false,
2020-07-07 09:50:19:       errorEmitted: false,
2020-07-07 09:50:19:       emitClose: false,
2020-07-07 09:50:19:       autoDestroy: false,
2020-07-07 09:50:19:       bufferedRequestCount: 0,
2020-07-07 09:50:19:       corkedRequestsFree: [Object]
2020-07-07 09:50:19:     },
2020-07-07 09:50:19:     writable: true,
2020-07-07 09:50:19:     allowHalfOpen: false,
2020-07-07 09:50:19:     _sockname: null,
2020-07-07 09:50:19:     _pendingData: null,
2020-07-07 09:50:19:     _pendingEncoding: '',
2020-07-07 09:50:19:     server: Server {
2020-07-07 09:50:19:       _events: [Object: null prototype],
2020-07-07 09:50:19:       _eventsCount: 3,
2020-07-07 09:50:19:       _maxListeners: undefined,
2020-07-07 09:50:19:       _connections: 2,
2020-07-07 09:50:19:       _handle: [TCP],
2020-07-07 09:50:19:       _usingWorkers: false,
2020-07-07 09:50:19:       _workers: [],
2020-07-07 09:50:19:       _unref: false,
2020-07-07 09:50:19:       allowHalfOpen: false,
2020-07-07 09:50:19:       pauseOnConnect: false,
2020-07-07 09:50:19:       _connectionKey: '6::::3000',
2020-07-07 09:50:19:       [Symbol(asyncId)]: 23
2020-07-07 09:50:19:     },
2020-07-07 09:50:19:     _server: Server {
2020-07-07 09:50:19:       _events: [Object: null prototype],
2020-07-07 09:50:19:       _eventsCount: 3,
2020-07-07 09:50:19:       _maxListeners: undefined,
2020-07-07 09:50:19:       _connections: 2,
2020-07-07 09:50:19:       _handle: [TCP],
2020-07-07 09:50:19:       _usingWorkers: false,
2020-07-07 09:50:19:       _workers: [],
2020-07-07 09:50:19:       _unref: false,
2020-07-07 09:50:19:       allowHalfOpen: false,
2020-07-07 09:50:19:       pauseOnConnect: false,
2020-07-07 09:50:19:       _connectionKey: '6::::3000',
2020-07-07 09:50:19:       [Symbol(asyncId)]: 23
2020-07-07 09:50:19:     },
2020-07-07 09:50:19:     [Symbol(asyncId)]: 1217,
2020-07-07 09:50:19:     [Symbol(kHandle)]: TCP {
2020-07-07 09:50:19:       reading: true,
2020-07-07 09:50:19:       onconnection: null,
2020-07-07 09:50:19:       [Symbol(owner)]: [Circular]
2020-07-07 09:50:19:     },
2020-07-07 09:50:19:     [Symbol(lastWriteQueueSize)]: 0,
2020-07-07 09:50:19:     [Symbol(timeout)]: null,
2020-07-07 09:50:19:     [Symbol(kBuffer)]: null,
2020-07-07 09:50:19:     [Symbol(kBufferCb)]: null,
2020-07-07 09:50:19:     [Symbol(kBufferGen)]: null,
2020-07-07 09:50:19:     [Symbol(kBytesRead)]: 0,
2020-07-07 09:50:19:     [Symbol(kBytesWritten)]: 0
2020-07-07 09:50:19:   },
2020-07-07 09:50:19:   readyState: 1,
2020-07-07 09:50:19:   buffer: <Buffer >,
2020-07-07 09:50:19:   frameBuffer: '{"userInfo":{"username":"yuge","userId":"yuge1593761335280"},"messageCode":"CLOSE_CONNECTION","message":""}',
2020-07-07 09:50:19:   outStream: null,
2020-07-07 09:50:19:   key: 'ZNLmsY2Sa99gTnZh/aj5dw==',
2020-07-07 09:50:19:   headers: {
2020-07-07 09:50:19:     host: 'localhost:3000',
2020-07-07 09:50:19:     connection: 'Upgrade',
2020-07-07 09:50:19:     pragma: 'no-cache',
2020-07-07 09:50:19:     'cache-control': 'no-cache',
2020-07-07 09:50:19:     'user-agent': 'Mozilla/5.0 (Windows NT 10.0; Win64; x64) AppleWebKit/537.36 (KHTML, like Gecko) Chrome/83.0.4103.7 Safari/537.36',
2020-07-07 09:50:19:     upgrade: 'websocket',
2020-07-07 09:50:19:     origin: 'file://',
2020-07-07 09:50:19:     'sec-websocket-version': '13',
2020-07-07 09:50:19:     'accept-encoding': 'gzip, deflate, br',
2020-07-07 09:50:19:     'accept-language': 'zh-CN,zh;q=0.9',
2020-07-07 09:50:19:     'sec-websocket-key': 'ZNLmsY2Sa99gTnZh/aj5dw==',
2020-07-07 09:50:19:     'sec-websocket-extensions': 'permessage-deflate; client_max_window_bits'
2020-07-07 09:50:19:   },
2020-07-07 09:50:19:   _events: [Object: null prototype] {
2020-07-07 09:50:19:     close: [ [Function], [Function] ],
2020-07-07 09:50:19:     text: [Function],
2020-07-07 09:50:19:     error: [Function]
2020-07-07 09:50:19:   },
2020-07-07 09:50:19:   _eventsCount: 3,
2020-07-07 09:50:19:   _maxListeners: undefined
2020-07-07 09:50:19: } closessssssssssssssssssssssssssssssssss
2020-07-07 09:50:19: 申请关闭
2020-07-07 09:50:20: 新建连接
2020-07-07 09:55:42: Connection {
2020-07-07 09:55:42:   server: Server {
2020-07-07 09:55:42:     socket: Server {
2020-07-07 09:55:42:       _events: [Object: null prototype],
2020-07-07 09:55:42:       _eventsCount: 3,
2020-07-07 09:55:42:       _maxListeners: undefined,
2020-07-07 09:55:42:       _connections: 2,
2020-07-07 09:55:42:       _handle: [TCP],
2020-07-07 09:55:42:       _usingWorkers: false,
2020-07-07 09:55:42:       _workers: [],
2020-07-07 09:55:42:       _unref: false,
2020-07-07 09:55:42:       allowHalfOpen: false,
2020-07-07 09:55:42:       pauseOnConnect: false,
2020-07-07 09:55:42:       _connectionKey: '6::::3000',
2020-07-07 09:55:42:       [Symbol(asyncId)]: 23
2020-07-07 09:55:42:     },
2020-07-07 09:55:42:     connections: [ [Connection], [Circular] ],
2020-07-07 09:55:42:     _events: [Object: null prototype] { connection: [Function] },
2020-07-07 09:55:42:     _eventsCount: 1,
2020-07-07 09:55:42:     _maxListeners: undefined,
2020-07-07 09:55:42:     _selectProtocol: null
2020-07-07 09:55:42:   },
2020-07-07 09:55:42:   path: '/',
2020-07-07 09:55:42:   host: null,
2020-07-07 09:55:42:   extraHeaders: null,
2020-07-07 09:55:42:   protocols: [],
2020-07-07 09:55:42:   protocol: undefined,
2020-07-07 09:55:42:   socket: Socket {
2020-07-07 09:55:42:     connecting: false,
2020-07-07 09:55:42:     _hadError: false,
2020-07-07 09:55:42:     _parent: null,
2020-07-07 09:55:42:     _host: null,
2020-07-07 09:55:42:     _readableState: ReadableState {
2020-07-07 09:55:42:       objectMode: false,
2020-07-07 09:55:42:       highWaterMark: 16384,
2020-07-07 09:55:42:       buffer: BufferList { head: null, tail: null, length: 0 },
2020-07-07 09:55:42:       length: 0,
2020-07-07 09:55:42:       pipes: null,
2020-07-07 09:55:42:       pipesCount: 0,
2020-07-07 09:55:42:       flowing: false,
2020-07-07 09:55:42:       ended: false,
2020-07-07 09:55:42:       endEmitted: false,
2020-07-07 09:55:42:       reading: true,
2020-07-07 09:55:42:       sync: false,
2020-07-07 09:55:42:       needReadable: true,
2020-07-07 09:55:42:       emittedReadable: false,
2020-07-07 09:55:42:       readableListening: true,
2020-07-07 09:55:42:       resumeScheduled: false,
2020-07-07 09:55:42:       paused: true,
2020-07-07 09:55:42:       emitClose: false,
2020-07-07 09:55:42:       autoDestroy: false,
2020-07-07 09:55:42:       destroyed: false,
2020-07-07 09:55:42:       defaultEncoding: 'utf8',
2020-07-07 09:55:42:       awaitDrain: 0,
2020-07-07 09:55:42:       readingMore: true,
2020-07-07 09:55:42:       decoder: null,
2020-07-07 09:55:42:       encoding: null
2020-07-07 09:55:42:     },
2020-07-07 09:55:42:     readable: true,
2020-07-07 09:55:42:     _events: [Object: null prototype] {
2020-07-07 09:55:42:       end: [Function: onReadableStreamEnd],
2020-07-07 09:55:42:       readable: [Function],
2020-07-07 09:55:42:       error: [Function],
2020-07-07 09:55:42:       close: [Function],
2020-07-07 09:55:42:       finish: [Function]
2020-07-07 09:55:42:     },
2020-07-07 09:55:42:     _eventsCount: 5,
2020-07-07 09:55:42:     _maxListeners: undefined,
2020-07-07 09:55:42:     _writableState: WritableState {
2020-07-07 09:55:42:       objectMode: false,
2020-07-07 09:55:42:       highWaterMark: 16384,
2020-07-07 09:55:42:       finalCalled: false,
2020-07-07 09:55:42:       needDrain: false,
2020-07-07 09:55:42:       ending: false,
2020-07-07 09:55:42:       ended: false,
2020-07-07 09:55:42:       finished: false,
2020-07-07 09:55:42:       destroyed: false,
2020-07-07 09:55:42:       decodeStrings: false,
2020-07-07 09:55:42:       defaultEncoding: 'utf8',
2020-07-07 09:55:42:       length: 0,
2020-07-07 09:55:42:       writing: false,
2020-07-07 09:55:42:       corked: 0,
2020-07-07 09:55:42:       sync: false,
2020-07-07 09:55:42:       bufferProcessing: false,
2020-07-07 09:55:42:       onwrite: [Function: bound onwrite],
2020-07-07 09:55:42:       writecb: null,
2020-07-07 09:55:42:       writelen: 0,
2020-07-07 09:55:42:       bufferedRequest: null,
2020-07-07 09:55:42:       lastBufferedRequest: null,
2020-07-07 09:55:42:       pendingcb: 0,
2020-07-07 09:55:42:       prefinished: false,
2020-07-07 09:55:42:       errorEmitted: false,
2020-07-07 09:55:42:       emitClose: false,
2020-07-07 09:55:42:       autoDestroy: false,
2020-07-07 09:55:42:       bufferedRequestCount: 0,
2020-07-07 09:55:42:       corkedRequestsFree: [Object]
2020-07-07 09:55:42:     },
2020-07-07 09:55:42:     writable: true,
2020-07-07 09:55:42:     allowHalfOpen: false,
2020-07-07 09:55:42:     _sockname: null,
2020-07-07 09:55:42:     _pendingData: null,
2020-07-07 09:55:42:     _pendingEncoding: '',
2020-07-07 09:55:42:     server: Server {
2020-07-07 09:55:42:       _events: [Object: null prototype],
2020-07-07 09:55:42:       _eventsCount: 3,
2020-07-07 09:55:42:       _maxListeners: undefined,
2020-07-07 09:55:42:       _connections: 2,
2020-07-07 09:55:42:       _handle: [TCP],
2020-07-07 09:55:42:       _usingWorkers: false,
2020-07-07 09:55:42:       _workers: [],
2020-07-07 09:55:42:       _unref: false,
2020-07-07 09:55:42:       allowHalfOpen: false,
2020-07-07 09:55:42:       pauseOnConnect: false,
2020-07-07 09:55:42:       _connectionKey: '6::::3000',
2020-07-07 09:55:42:       [Symbol(asyncId)]: 23
2020-07-07 09:55:42:     },
2020-07-07 09:55:42:     _server: Server {
2020-07-07 09:55:42:       _events: [Object: null prototype],
2020-07-07 09:55:42:       _eventsCount: 3,
2020-07-07 09:55:42:       _maxListeners: undefined,
2020-07-07 09:55:42:       _connections: 2,
2020-07-07 09:55:42:       _handle: [TCP],
2020-07-07 09:55:42:       _usingWorkers: false,
2020-07-07 09:55:42:       _workers: [],
2020-07-07 09:55:42:       _unref: false,
2020-07-07 09:55:42:       allowHalfOpen: false,
2020-07-07 09:55:42:       pauseOnConnect: false,
2020-07-07 09:55:42:       _connectionKey: '6::::3000',
2020-07-07 09:55:42:       [Symbol(asyncId)]: 23
2020-07-07 09:55:42:     },
2020-07-07 09:55:42:     [Symbol(asyncId)]: 1267,
2020-07-07 09:55:42:     [Symbol(kHandle)]: TCP {
2020-07-07 09:55:42:       reading: true,
2020-07-07 09:55:42:       onconnection: null,
2020-07-07 09:55:42:       [Symbol(owner)]: [Circular]
2020-07-07 09:55:42:     },
2020-07-07 09:55:42:     [Symbol(lastWriteQueueSize)]: 0,
2020-07-07 09:55:42:     [Symbol(timeout)]: null,
2020-07-07 09:55:42:     [Symbol(kBuffer)]: null,
2020-07-07 09:55:42:     [Symbol(kBufferCb)]: null,
2020-07-07 09:55:42:     [Symbol(kBufferGen)]: null,
2020-07-07 09:55:42:     [Symbol(kBytesRead)]: 0,
2020-07-07 09:55:42:     [Symbol(kBytesWritten)]: 0
2020-07-07 09:55:42:   },
2020-07-07 09:55:42:   readyState: 1,
2020-07-07 09:55:42:   buffer: <Buffer >,
2020-07-07 09:55:42:   frameBuffer: '{"userInfo":{"username":"yuge","userId":"yuge1593761335280"},"messageCode":"CLOSE_CONNECTION","message":""}',
2020-07-07 09:55:42:   outStream: null,
2020-07-07 09:55:42:   key: 'zmNIL9MAB8AKXkjOZ5RYUw==',
2020-07-07 09:55:42:   headers: {
2020-07-07 09:55:42:     host: 'localhost:3000',
2020-07-07 09:55:42:     connection: 'Upgrade',
2020-07-07 09:55:42:     pragma: 'no-cache',
2020-07-07 09:55:42:     'cache-control': 'no-cache',
2020-07-07 09:55:42:     'user-agent': 'Mozilla/5.0 (Windows NT 10.0; Win64; x64) AppleWebKit/537.36 (KHTML, like Gecko) Chrome/83.0.4103.7 Safari/537.36',
2020-07-07 09:55:42:     upgrade: 'websocket',
2020-07-07 09:55:42:     origin: 'file://',
2020-07-07 09:55:42:     'sec-websocket-version': '13',
2020-07-07 09:55:42:     'accept-encoding': 'gzip, deflate, br',
2020-07-07 09:55:42:     'accept-language': 'zh-CN,zh;q=0.9',
2020-07-07 09:55:42:     'sec-websocket-key': 'zmNIL9MAB8AKXkjOZ5RYUw==',
2020-07-07 09:55:42:     'sec-websocket-extensions': 'permessage-deflate; client_max_window_bits'
2020-07-07 09:55:42:   },
2020-07-07 09:55:42:   _events: [Object: null prototype] {
2020-07-07 09:55:42:     close: [ [Function], [Function] ],
2020-07-07 09:55:42:     text: [Function],
2020-07-07 09:55:42:     error: [Function]
2020-07-07 09:55:42:   },
2020-07-07 09:55:42:   _eventsCount: 3,
2020-07-07 09:55:42:   _maxListeners: undefined
2020-07-07 09:55:42: } closessssssssssssssssssssssssssssssssss
2020-07-07 09:55:42: 申请关闭
2020-07-07 09:56:06: 新建连接
2020-07-07 10:13:55: Connection {
2020-07-07 10:13:55:   server: Server {
2020-07-07 10:13:55:     socket: Server {
2020-07-07 10:13:55:       _events: [Object: null prototype],
2020-07-07 10:13:55:       _eventsCount: 3,
2020-07-07 10:13:55:       _maxListeners: undefined,
2020-07-07 10:13:55:       _connections: 2,
2020-07-07 10:13:55:       _handle: [TCP],
2020-07-07 10:13:55:       _usingWorkers: false,
2020-07-07 10:13:55:       _workers: [],
2020-07-07 10:13:55:       _unref: false,
2020-07-07 10:13:55:       allowHalfOpen: false,
2020-07-07 10:13:55:       pauseOnConnect: false,
2020-07-07 10:13:55:       _connectionKey: '6::::3000',
2020-07-07 10:13:55:       [Symbol(asyncId)]: 23
2020-07-07 10:13:55:     },
2020-07-07 10:13:55:     connections: [ [Connection], [Circular] ],
2020-07-07 10:13:55:     _events: [Object: null prototype] { connection: [Function] },
2020-07-07 10:13:55:     _eventsCount: 1,
2020-07-07 10:13:55:     _maxListeners: undefined,
2020-07-07 10:13:55:     _selectProtocol: null
2020-07-07 10:13:55:   },
2020-07-07 10:13:55:   path: '/',
2020-07-07 10:13:55:   host: null,
2020-07-07 10:13:55:   extraHeaders: null,
2020-07-07 10:13:55:   protocols: [],
2020-07-07 10:13:55:   protocol: undefined,
2020-07-07 10:13:55:   socket: Socket {
2020-07-07 10:13:55:     connecting: false,
2020-07-07 10:13:55:     _hadError: false,
2020-07-07 10:13:55:     _parent: null,
2020-07-07 10:13:55:     _host: null,
2020-07-07 10:13:55:     _readableState: ReadableState {
2020-07-07 10:13:55:       objectMode: false,
2020-07-07 10:13:55:       highWaterMark: 16384,
2020-07-07 10:13:55:       buffer: BufferList { head: null, tail: null, length: 0 },
2020-07-07 10:13:55:       length: 0,
2020-07-07 10:13:55:       pipes: null,
2020-07-07 10:13:55:       pipesCount: 0,
2020-07-07 10:13:55:       flowing: false,
2020-07-07 10:13:55:       ended: false,
2020-07-07 10:13:55:       endEmitted: false,
2020-07-07 10:13:55:       reading: true,
2020-07-07 10:13:55:       sync: false,
2020-07-07 10:13:55:       needReadable: true,
2020-07-07 10:13:55:       emittedReadable: false,
2020-07-07 10:13:55:       readableListening: true,
2020-07-07 10:13:55:       resumeScheduled: false,
2020-07-07 10:13:55:       paused: true,
2020-07-07 10:13:55:       emitClose: false,
2020-07-07 10:13:55:       autoDestroy: false,
2020-07-07 10:13:55:       destroyed: false,
2020-07-07 10:13:55:       defaultEncoding: 'utf8',
2020-07-07 10:13:55:       awaitDrain: 0,
2020-07-07 10:13:55:       readingMore: true,
2020-07-07 10:13:55:       decoder: null,
2020-07-07 10:13:55:       encoding: null
2020-07-07 10:13:55:     },
2020-07-07 10:13:55:     readable: true,
2020-07-07 10:13:55:     _events: [Object: null prototype] {
2020-07-07 10:13:55:       end: [Function: onReadableStreamEnd],
2020-07-07 10:13:55:       readable: [Function],
2020-07-07 10:13:55:       error: [Function],
2020-07-07 10:13:55:       close: [Function],
2020-07-07 10:13:55:       finish: [Function]
2020-07-07 10:13:55:     },
2020-07-07 10:13:55:     _eventsCount: 5,
2020-07-07 10:13:55:     _maxListeners: undefined,
2020-07-07 10:13:55:     _writableState: WritableState {
2020-07-07 10:13:55:       objectMode: false,
2020-07-07 10:13:55:       highWaterMark: 16384,
2020-07-07 10:13:55:       finalCalled: false,
2020-07-07 10:13:55:       needDrain: false,
2020-07-07 10:13:55:       ending: false,
2020-07-07 10:13:55:       ended: false,
2020-07-07 10:13:55:       finished: false,
2020-07-07 10:13:55:       destroyed: false,
2020-07-07 10:13:55:       decodeStrings: false,
2020-07-07 10:13:55:       defaultEncoding: 'utf8',
2020-07-07 10:13:55:       length: 0,
2020-07-07 10:13:55:       writing: false,
2020-07-07 10:13:55:       corked: 0,
2020-07-07 10:13:55:       sync: false,
2020-07-07 10:13:55:       bufferProcessing: false,
2020-07-07 10:13:55:       onwrite: [Function: bound onwrite],
2020-07-07 10:13:55:       writecb: null,
2020-07-07 10:13:55:       writelen: 0,
2020-07-07 10:13:55:       bufferedRequest: null,
2020-07-07 10:13:55:       lastBufferedRequest: null,
2020-07-07 10:13:55:       pendingcb: 0,
2020-07-07 10:13:55:       prefinished: false,
2020-07-07 10:13:55:       errorEmitted: false,
2020-07-07 10:13:55:       emitClose: false,
2020-07-07 10:13:55:       autoDestroy: false,
2020-07-07 10:13:55:       bufferedRequestCount: 0,
2020-07-07 10:13:55:       corkedRequestsFree: [Object]
2020-07-07 10:13:55:     },
2020-07-07 10:13:55:     writable: true,
2020-07-07 10:13:55:     allowHalfOpen: false,
2020-07-07 10:13:55:     _sockname: null,
2020-07-07 10:13:55:     _pendingData: null,
2020-07-07 10:13:55:     _pendingEncoding: '',
2020-07-07 10:13:55:     server: Server {
2020-07-07 10:13:55:       _events: [Object: null prototype],
2020-07-07 10:13:55:       _eventsCount: 3,
2020-07-07 10:13:55:       _maxListeners: undefined,
2020-07-07 10:13:55:       _connections: 2,
2020-07-07 10:13:55:       _handle: [TCP],
2020-07-07 10:13:55:       _usingWorkers: false,
2020-07-07 10:13:55:       _workers: [],
2020-07-07 10:13:55:       _unref: false,
2020-07-07 10:13:55:       allowHalfOpen: false,
2020-07-07 10:13:55:       pauseOnConnect: false,
2020-07-07 10:13:55:       _connectionKey: '6::::3000',
2020-07-07 10:13:55:       [Symbol(asyncId)]: 23
2020-07-07 10:13:55:     },
2020-07-07 10:13:55:     _server: Server {
2020-07-07 10:13:55:       _events: [Object: null prototype],
2020-07-07 10:13:55:       _eventsCount: 3,
2020-07-07 10:13:55:       _maxListeners: undefined,
2020-07-07 10:13:55:       _connections: 2,
2020-07-07 10:13:55:       _handle: [TCP],
2020-07-07 10:13:55:       _usingWorkers: false,
2020-07-07 10:13:55:       _workers: [],
2020-07-07 10:13:55:       _unref: false,
2020-07-07 10:13:55:       allowHalfOpen: false,
2020-07-07 10:13:55:       pauseOnConnect: false,
2020-07-07 10:13:55:       _connectionKey: '6::::3000',
2020-07-07 10:13:55:       [Symbol(asyncId)]: 23
2020-07-07 10:13:55:     },
2020-07-07 10:13:55:     [Symbol(asyncId)]: 1642,
2020-07-07 10:13:55:     [Symbol(kHandle)]: TCP {
2020-07-07 10:13:55:       reading: true,
2020-07-07 10:13:55:       onconnection: null,
2020-07-07 10:13:55:       [Symbol(owner)]: [Circular]
2020-07-07 10:13:55:     },
2020-07-07 10:13:55:     [Symbol(lastWriteQueueSize)]: 0,
2020-07-07 10:13:55:     [Symbol(timeout)]: null,
2020-07-07 10:13:55:     [Symbol(kBuffer)]: null,
2020-07-07 10:13:55:     [Symbol(kBufferCb)]: null,
2020-07-07 10:13:55:     [Symbol(kBufferGen)]: null,
2020-07-07 10:13:55:     [Symbol(kBytesRead)]: 0,
2020-07-07 10:13:55:     [Symbol(kBytesWritten)]: 0
2020-07-07 10:13:55:   },
2020-07-07 10:13:55:   readyState: 1,
2020-07-07 10:13:55:   buffer: <Buffer >,
2020-07-07 10:13:55:   frameBuffer: '{"userInfo":{"username":"yuge","userId":"yuge1593761335280"},"messageCode":"CLOSE_CONNECTION","message":""}',
2020-07-07 10:13:55:   outStream: null,
2020-07-07 10:13:55:   key: 'qV0fTHlZIEmCayOjRAYkLA==',
2020-07-07 10:13:55:   headers: {
2020-07-07 10:13:55:     host: 'localhost:3000',
2020-07-07 10:13:55:     connection: 'Upgrade',
2020-07-07 10:13:55:     pragma: 'no-cache',
2020-07-07 10:13:55:     'cache-control': 'no-cache',
2020-07-07 10:13:55:     'user-agent': 'Mozilla/5.0 (Windows NT 10.0; Win64; x64) AppleWebKit/537.36 (KHTML, like Gecko) Chrome/83.0.4103.7 Safari/537.36',
2020-07-07 10:13:55:     upgrade: 'websocket',
2020-07-07 10:13:55:     origin: 'file://',
2020-07-07 10:13:55:     'sec-websocket-version': '13',
2020-07-07 10:13:55:     'accept-encoding': 'gzip, deflate, br',
2020-07-07 10:13:55:     'accept-language': 'zh-CN,zh;q=0.9',
2020-07-07 10:13:55:     'sec-websocket-key': 'qV0fTHlZIEmCayOjRAYkLA==',
2020-07-07 10:13:55:     'sec-websocket-extensions': 'permessage-deflate; client_max_window_bits'
2020-07-07 10:13:55:   },
2020-07-07 10:13:55:   _events: [Object: null prototype] {
2020-07-07 10:13:55:     close: [ [Function], [Function] ],
2020-07-07 10:13:55:     text: [Function],
2020-07-07 10:13:55:     error: [Function]
2020-07-07 10:13:55:   },
2020-07-07 10:13:55:   _eventsCount: 3,
2020-07-07 10:13:55:   _maxListeners: undefined
2020-07-07 10:13:55: } closessssssssssssssssssssssssssssssssss
2020-07-07 10:13:55: 申请关闭
